Release 14.7 - xst P.20131013 (nt64)
Copyright (c) 1995-2013 Xilinx, Inc.  All rights reserved.
--> Parameter TMPDIR set to xst/projnav.tmp


Total REAL time to Xst completion: 0.00 secs
Total CPU time to Xst completion: 0.14 secs
 
--> Parameter xsthdpdir set to xst


Total REAL time to Xst completion: 0.00 secs
Total CPU time to Xst completion: 0.15 secs
 
--> Reading design: RFALUDM.prj

TABLE OF CONTENTS
  1) Synthesis Options Summary
  2) HDL Parsing
  3) HDL Elaboration
  4) HDL Synthesis
       4.1) HDL Synthesis Report
  5) Advanced HDL Synthesis
       5.1) Advanced HDL Synthesis Report
  6) Low Level Synthesis
  7) Partition Report
  8) Design Summary
       8.1) Primitive and Black Box Usage
       8.2) Device utilization summary
       8.3) Partition Resource Summary
       8.4) Timing Report
            8.4.1) Clock Information
            8.4.2) Asynchronous Control Signals Information
            8.4.3) Timing Summary
            8.4.4) Timing Details
            8.4.5) Cross Clock Domains Report


=========================================================================
*                      Synthesis Options Summary                        *
=========================================================================
---- Source Parameters
Input File Name                    : "RFALUDM.prj"
Ignore Synthesis Constraint File   : NO

---- Target Parameters
Output File Name                   : "RFALUDM"
Output Format                      : NGC
Target Device                      : xc7a100t-3-csg324

---- Source Options
Top Module Name                    : RFALUDM
Automatic FSM Extraction           : YES
FSM Encoding Algorithm             : Auto
Safe Implementation                : No
FSM Style                          : LUT
RAM Extraction                     : Yes
RAM Style                          : Auto
ROM Extraction                     : Yes
Shift Register Extraction          : YES
ROM Style                          : Auto
Resource Sharing                   : YES
Asynchronous To Synchronous        : NO
Shift Register Minimum Size        : 2
Use DSP Block                      : Auto
Automatic Register Balancing       : No

---- Target Options
LUT Combining                      : Auto
Reduce Control Sets                : Auto
Add IO Buffers                     : YES
Global Maximum Fanout              : 100000
Add Generic Clock Buffer(BUFG)     : 32
Register Duplication               : YES
Optimize Instantiated Primitives   : NO
Use Clock Enable                   : Auto
Use Synchronous Set                : Auto
Use Synchronous Reset              : Auto
Pack IO Registers into IOBs        : Auto
Equivalent register Removal        : YES

---- General Options
Optimization Goal                  : Speed
Optimization Effort                : 1
Power Reduction                    : NO
Keep Hierarchy                     : No
Netlist Hierarchy                  : As_Optimized
RTL Output                         : Yes
Global Optimization                : AllClockNets
Read Cores                         : YES
Write Timing Constraints           : NO
Cross Clock Analysis               : NO
Hierarchy Separator                : /
Bus Delimiter                      : <>
Case Specifier                     : Maintain
Slice Utilization Ratio            : 100
BRAM Utilization Ratio             : 100
DSP48 Utilization Ratio            : 100
Auto BRAM Packing                  : NO
Slice Utilization Ratio Delta      : 5

=========================================================================


=========================================================================
*                          HDL Parsing                                  *
=========================================================================
Analyzing Verilog file "C:\Users\rsanc\Dropbox\Work\Spring 2017\CECS-341\341 labs\Lab4-Memory\SignExtendor.v" into library work
Parsing module <SignExtendor>.
Analyzing Verilog file "C:\Users\rsanc\Dropbox\Work\Spring 2017\CECS-341\341 labs\Lab4-Memory\RegisterFile.v" into library work
Parsing module <RegisterFile>.
Analyzing Verilog file "C:\Users\rsanc\Dropbox\Work\Spring 2017\CECS-341\341 labs\Lab4-Memory\mux.v" into library work
Parsing module <mux>.
Analyzing Verilog file "C:\Users\rsanc\Dropbox\Work\Spring 2017\CECS-341\341 labs\Lab4-Memory\LEGv8.v" into library work
Parsing module <LEGv8>.
Analyzing Verilog file "C:\Users\rsanc\Dropbox\Work\Spring 2017\CECS-341\341 labs\Lab4-Memory\DataMemory.v" into library work
Parsing module <DataMemory>.
Analyzing Verilog file "C:\Users\rsanc\Dropbox\Work\Spring 2017\CECS-341\341 labs\Lab4-Memory\ALUControl.v" into library work
Parsing module <ALUControl>.
WARNING:HDLCompiler:568 - "C:\Users\rsanc\Dropbox\Work\Spring 2017\CECS-341\341 labs\Lab4-Memory\ALUControl.v" Line 9: Constant value is truncated to fit in <11> bits.
WARNING:HDLCompiler:568 - "C:\Users\rsanc\Dropbox\Work\Spring 2017\CECS-341\341 labs\Lab4-Memory\ALUControl.v" Line 10: Constant value is truncated to fit in <11> bits.
WARNING:HDLCompiler:568 - "C:\Users\rsanc\Dropbox\Work\Spring 2017\CECS-341\341 labs\Lab4-Memory\ALUControl.v" Line 11: Constant value is truncated to fit in <11> bits.
WARNING:HDLCompiler:568 - "C:\Users\rsanc\Dropbox\Work\Spring 2017\CECS-341\341 labs\Lab4-Memory\ALUControl.v" Line 12: Constant value is truncated to fit in <11> bits.
WARNING:HDLCompiler:568 - "C:\Users\rsanc\Dropbox\Work\Spring 2017\CECS-341\341 labs\Lab4-Memory\ALUControl.v" Line 13: Constant value is truncated to fit in <11> bits.
WARNING:HDLCompiler:568 - "C:\Users\rsanc\Dropbox\Work\Spring 2017\CECS-341\341 labs\Lab4-Memory\ALUControl.v" Line 14: Constant value is truncated to fit in <11> bits.
Analyzing Verilog file "C:\Users\rsanc\Dropbox\Work\Spring 2017\CECS-341\341 labs\Lab4-Memory\RFALUDM.v" into library work
Parsing module <RFALUDM>.

=========================================================================
*                            HDL Elaboration                            *
=========================================================================

Elaborating module <RFALUDM>.

Elaborating module <RegisterFile>.

Elaborating module <DataMemory>.
ERROR:HDLCompiler:1773 - "C:\Users\rsanc\Dropbox\Work\Spring 2017\CECS-341\341 labs\Lab4-Memory\DataMemory.v" Line 15: Procedural 'assign' is not a supported statement for synthesis
Module DataMemory remains a blackbox, due to errors in its contents
WARNING:HDLCompiler:1499 - "C:\Users\rsanc\Dropbox\Work\Spring 2017\CECS-341\341 labs\Lab4-Memory\DataMemory.v" Line 3: Empty module <DataMemory> remains a black box.
WARNING:HDLCompiler:189 - "C:\Users\rsanc\Dropbox\Work\Spring 2017\CECS-341\341 labs\Lab4-Memory\RFALUDM.v" Line 43: Size mismatch in connection of port <Address>. Formal port size is 8-bit while actual signal size is 64-bit.

Elaborating module <SignExtendor>.

Elaborating module <LEGv8>.

Elaborating module <ALUControl>.

Elaborating module <mux>.
--> 

Total memory usage is 283460 kilobytes

Number of errors   :    1 (   0 filtered)
Number of warnings :    8 (   0 filtered)
Number of infos    :    0 (   0 filtered)

