Command line:
   RFALUDM_isim_beh.exe
     -simmode  gui
     -simrunnum  0
     -socket  52233

Tue Mar 07 11:59:31 2017


 Elaboration Time: 0.046875 sec

 Current Memory Usage: 846.197 Meg

 Total Signals          : 63
 Total Nets             : 702
 Total Signal Drivers   : 14
 Total Blocks           : 9
 Total Primitive Blocks : 8
 Total Processes        : 25
 Total Traceable Variables  : 25
 Total Scalar Nets and Variables : 5138
Total Line Count : 84

 Total Simulation Time: 0.046875 sec

 Current Memory Usage: 846.197 Meg

Tue Mar 07 11:59:38 2017

